<?xml version="1.0" encoding="UTF-8"?>
<!-- Generated by org.testng.reporters.JUnitReportReporter -->
<testsuite hostname="dell" failures="0" tests="3" name="testcases.groupPageTest" time="50.409" errors="0" timestamp="2023-01-04T23:41:53 IST" skipped="0">
  <testcase classname="testcases.groupPageTest" name="verifyTitleLogoTest" time="11.838"/>
  <testcase classname="testcases.groupPageTest" name="verifyURL" time="9.679"/>
  <testcase classname="testcases.groupPageTest" name="verifyloginTest" time="28.892"/>
</testsuite> <!-- testcases.groupPageTest -->
